<?xml version="1.0" encoding="UTF-8"?>
<!-- Generated by org.testng.reporters.JUnitReportReporter -->
<testsuite hostname="DESKTOP-LO4980K" failures="0" tests="1" name="regressionTests.TC001_LoginTest_AllowedUsers" time="35.794" errors="0" timestamp="16 set 2018 10:16:22 GMT" skipped="0">
  <testcase classname="regressionTests.TC001_LoginTest_AllowedUsers" name="Login_ValidCredentials" time="35.794"/>
</testsuite> <!-- regressionTests.TC001_LoginTest_AllowedUsers -->
