<?xml version="1.0" encoding="UTF-8"?>
<!-- Generated by org.testng.reporters.JUnitReportReporter -->
<testsuite hostname="dbs-0713" name="com.br.projeto.NewTestRunner" tests="1" failures="0" timestamp="24 Jan 2019 17:07:18 GMT" time="0.012" errors="0">
  <testcase name="feature" time="0.012" classname="com.br.projeto.NewTestRunner"/>
</testsuite> <!-- com.br.projeto.NewTestRunner -->
