<?xml version="1.0" encoding="UTF-8"?>
<!-- Generated by org.testng.reporters.JUnitReportReporter -->
<testsuite hostname="dbs-0713" name="com.br.projeto.TestRunner" tests="1" failures="0" timestamp="24 Jan 2019 17:17:46 GMT" time="0.032" errors="0">
  <testcase name="feature" time="0.032" classname="com.br.projeto.TestRunner"/>
</testsuite> <!-- com.br.projeto.TestRunner -->
