<?xml version="1.0" encoding="UTF-8"?>
<!-- Generated by org.testng.reporters.JUnitReportReporter -->
<testsuite hostname="dbs-0713" name="webservicesuite.ConsultaValorSimulacao" tests="1" failures="0" timestamp="24 Jan 2019 17:23:33 GMT" time="0.638" errors="0">
  <testcase name="ConsultaValorPoupanca" time="0.638" classname="webservicesuite.ConsultaValorSimulacao"/>
</testsuite> <!-- webservicesuite.ConsultaValorSimulacao -->
