<?xml version="1.0" encoding="UTF-8"?>
<!-- Generated by org.testng.reporters.JUnitReportReporter -->
<testsuite hostname="dbs-0713" name="regressionsuite.TC001_SimulaPoupanca" tests="2" failures="0" timestamp="24 Jan 2019 17:23:33 GMT" time="2.231" errors="0">
  <testcase name="SimulaPoupanca" time="1.386" classname="regressionsuite.TC001_SimulaPoupanca"/>
  <testcase name="SimulaPoupancaValoresMinimos" time="0.845" classname="regressionsuite.TC001_SimulaPoupanca"/>
</testsuite> <!-- regressionsuite.TC001_SimulaPoupanca -->
